# JRE version: OpenJDK Runtime Environment (8.0_112-b06) (build 1.8.0_112-release-b06)
# Java VM: OpenJDK 64-Bit Server VM (25.112-b06 mixed mode windows-amd64 compressed oops)
Heap:
 PSYoungGen      total 422912K, used 134719K [0x00000000e0000000, 0x00000000fe600000, 0x0000000100000000)
  eden space 400896K, 28% used [0x00000000e0000000,0x00000000e6e45368,0x00000000f8780000)
  from space 22016K, 99% used [0x00000000fa680000,0x00000000fbbcaaa8,0x00000000fbc00000)
  to   space 31744K, 0% used [0x00000000f8780000,0x00000000f8780000,0x00000000fa680000)
 ParOldGen       total 87552K, used 64282K [0x00000000a0000000, 0x00000000a5580000, 0x00000000e0000000)
  object space 87552K, 73% used [0x00000000a0000000,0x00000000a3ec6ad8,0x00000000a5580000)
 Metaspace       used 72600K, capacity 76314K, committed 76672K, reserved 1116160K
  class space    used 9097K, capacity 9632K, committed 9856K, reserved 1048576K
GC Heap History (10 events):
Event: 14176.501 GC heap before
{Heap before GC invocations=26 (full 4):
 PSYoungGen      total 327168K, used 319744K [0x00000000e0000000, 0x00000000f7a00000, 0x0000000100000000)
  eden space 304128K, 100% used [0x00000000e0000000,0x00000000f2900000,0x00000000f2900000)
  from space 23040K, 67% used [0x00000000f2900000,0x00000000f3840250,0x00000000f3f80000)
  to   space 24064K, 0% used [0x00000000f6280000,0x00000000f6280000,0x00000000f7a00000)
 ParOldGen       total 87552K, used 48567K [0x00000000a0000000, 0x00000000a5580000, 0x00000000e0000000)
  object space 87552K, 55% used [0x00000000a0000000,0x00000000a2f6ded0,0x00000000a5580000)
 Metaspace       used 71943K, capacity 75258K, committed 75776K, reserved 1116160K
  class space    used 9040K, capacity 9560K, committed 9728K, reserved 1048576K
Event: 14183.603 GC heap after
Heap after GC invocations=26 (full 4):
 PSYoungGen      total 354816K, used 24044K [0x00000000e0000000, 0x00000000faa00000, 0x0000000100000000)
  eden space 330752K, 0% used [0x00000000e0000000,0x00000000e0000000,0x00000000f4300000)
  from space 24064K, 99% used [0x00000000f6280000,0x00000000f79fb210,0x00000000f7a00000)
  to   space 32256K, 0% used [0x00000000f4300000,0x00000000f4300000,0x00000000f6280000)
 ParOldGen       total 87552K, used 59418K [0x00000000a0000000, 0x00000000a5580000, 0x00000000e0000000)
  object space 87552K, 67% used [0x00000000a0000000,0x00000000a3a06a18,0x00000000a5580000)
 Metaspace       used 71943K, capacity 75258K, committed 75776K, reserved 1116160K
  class space    used 9040K, capacity 9560K, committed 9728K, reserved 1048576K
}
Event: 15356.590 GC heap before
{Heap before GC invocations=27 (full 4):
 PSYoungGen      total 354816K, used 354796K [0x00000000e0000000, 0x00000000faa00000, 0x0000000100000000)
  eden space 330752K, 100% used [0x00000000e0000000,0x00000000f4300000,0x00000000f4300000)
  from space 24064K, 99% used [0x00000000f6280000,0x00000000f79fb210,0x00000000f7a00000)
  to   space 32256K, 0% used [0x00000000f4300000,0x00000000f4300000,0x00000000f6280000)
 ParOldGen       total 87552K, used 59418K [0x00000000a0000000, 0x00000000a5580000, 0x00000000e0000000)
  object space 87552K, 67% used [0x00000000a0000000,0x00000000a3a06a18,0x00000000a5580000)
 Metaspace       used 72162K, capacity 75678K, committed 76160K, reserved 1116160K
  class space    used 9068K, capacity 9602K, committed 9856K, reserved 1048576K
Event: 15361.660 GC heap after
Heap after GC invocations=27 (full 4):
 PSYoungGen      total 363008K, used 20048K [0x00000000e0000000, 0x00000000fc700000, 0x0000000100000000)
  eden space 330752K, 0% used [0x00000000e0000000,0x00000000e0000000,0x00000000f4300000)
  from space 32256K, 62% used [0x00000000f4300000,0x00000000f56940e8,0x00000000f6280000)
  to   space 33280K, 0% used [0x00000000fa680000,0x00000000fa680000,0x00000000fc700000)
 ParOldGen       total 87552K, used 60610K [0x00000000a0000000, 0x00000000a5580000, 0x00000000e0000000)
  object space 87552K, 69% used [0x00000000a0000000,0x00000000a3b30a58,0x00000000a5580000)
 Metaspace       used 72162K, capacity 75678K, committed 76160K, reserved 1116160K
  class space    used 9068K, capacity 9602K, committed 9856K, reserved 1048576K
}
Event: 15521.654 GC heap before
{Heap before GC invocations=28 (full 4):
 PSYoungGen      total 363008K, used 350800K [0x00000000e0000000, 0x00000000fc700000, 0x0000000100000000)
  eden space 330752K, 100% used [0x00000000e0000000,0x00000000f4300000,0x00000000f4300000)
  from space 32256K, 62% used [0x00000000f4300000,0x00000000f56940e8,0x00000000f6280000)
  to   space 33280K, 0% used [0x00000000fa680000,0x00000000fa680000,0x00000000fc700000)
 ParOldGen       total 87552K, used 60610K [0x00000000a0000000, 0x00000000a5580000, 0x00000000e0000000)
  object space 87552K, 69% used [0x00000000a0000000,0x00000000a3b30a58,0x00000000a5580000)
 Metaspace       used 72261K, capacity 75844K, committed 76160K, reserved 1116160K
  class space    used 9077K, capacity 9611K, committed 9856K, reserved 1048576K
Event: 15521.789 GC heap after
Heap after GC invocations=28 (full 4):
 PSYoungGen      total 413184K, used 14489K [0x00000000e0000000, 0x00000000fbc00000, 0x0000000100000000)
  eden space 391168K, 0% used [0x00000000e0000000,0x00000000e0000000,0x00000000f7e00000)
  from space 22016K, 65% used [0x00000000fa680000,0x00000000fb4a6778,0x00000000fbc00000)
  to   space 31744K, 0% used [0x00000000f7e00000,0x00000000f7e00000,0x00000000f9d00000)
 ParOldGen       total 87552K, used 60906K [0x00000000a0000000, 0x00000000a5580000, 0x00000000e0000000)
  object space 87552K, 69% used [0x00000000a0000000,0x00000000a3b7aa58,0x00000000a5580000)
 Metaspace       used 72261K, capacity 75844K, committed 76160K, reserved 1116160K
  class space    used 9077K, capacity 9611K, committed 9856K, reserved 1048576K
}
Event: 16856.275 GC heap before
{Heap before GC invocations=29 (full 4):
 PSYoungGen      total 413184K, used 405657K [0x00000000e0000000, 0x00000000fbc00000, 0x0000000100000000)
  eden space 391168K, 100% used [0x00000000e0000000,0x00000000f7e00000,0x00000000f7e00000)
  from space 22016K, 65% used [0x00000000fa680000,0x00000000fb4a6778,0x00000000fbc00000)
  to   space 31744K, 0% used [0x00000000f7e00000,0x00000000f7e00000,0x00000000f9d00000)
 ParOldGen       total 87552K, used 60906K [0x00000000a0000000, 0x00000000a5580000, 0x00000000e0000000)
  object space 87552K, 69% used [0x00000000a0000000,0x00000000a3b7aa58,0x00000000a5580000)
 Metaspace       used 72405K, capacity 76018K, committed 76416K, reserved 1116160K
  class space    used 9087K, capacity 9622K, committed 9856K, reserved 1048576K
Event: 16856.406 GC heap after
Heap after GC invocations=29 (full 4):
 PSYoungGen      total 422912K, used 14523K [0x00000000e0000000, 0x00000000fbc00000, 0x0000000100000000)
  eden space 391168K, 0% used [0x00000000e0000000,0x00000000e0000000,0x00000000f7e00000)
  from space 31744K, 45% used [0x00000000f7e00000,0x00000000f8c2ee58,0x00000000f9d00000)
  to   space 22016K, 0% used [0x00000000fa680000,0x00000000fa680000,0x00000000fbc00000)
 ParOldGen       total 87552K, used 60914K [0x00000000a0000000, 0x00000000a5580000, 0x00000000e0000000)
  object space 87552K, 69% used [0x00000000a0000000,0x00000000a3b7ca58,0x00000000a5580000)
 Metaspace       used 72405K, capacity 76018K, committed 76416K, reserved 1116160K
  class space    used 9087K, capacity 9622K, committed 9856K, reserved 1048576K
}
Event: 16920.219 GC heap before
{Heap before GC invocations=30 (full 4):
 PSYoungGen      total 422912K, used 405490K [0x00000000e0000000, 0x00000000fbc00000, 0x0000000100000000)
  eden space 391168K, 99% used [0x00000000e0000000,0x00000000f7dcdc68,0x00000000f7e00000)
  from space 31744K, 45% used [0x00000000f7e00000,0x00000000f8c2ee58,0x00000000f9d00000)
  to   space 22016K, 0% used [0x00000000fa680000,0x00000000fa680000,0x00000000fbc00000)
 ParOldGen       total 87552K, used 60914K [0x00000000a0000000, 0x00000000a5580000, 0x00000000e0000000)
  object space 87552K, 69% used [0x00000000a0000000,0x00000000a3b7ca58,0x00000000a5580000)
 Metaspace       used 72566K, capacity 76226K, committed 76672K, reserved 1116160K
  class space    used 9089K, capacity 9624K, committed 9856K, reserved 1048576K
Event: 16920.427 GC heap after
Heap after GC invocations=30 (full 4):
 PSYoungGen      total 422912K, used 21802K [0x00000000e0000000, 0x00000000fe600000, 0x0000000100000000)
  eden space 400896K, 0% used [0x00000000e0000000,0x00000000e0000000,0x00000000f8780000)
  from space 22016K, 99% used [0x00000000fa680000,0x00000000fbbcaaa8,0x00000000fbc00000)
  to   space 31744K, 0% used [0x00000000f8780000,0x00000000f8780000,0x00000000fa680000)
 ParOldGen       total 87552K, used 64282K [0x00000000a0000000, 0x00000000a5580000, 0x00000000e0000000)
  object space 87552K, 73% used [0x00000000a0000000,0x00000000a3ec6ad8,0x00000000a5580000)
 Metaspace       used 72566K, capacity 76226K, committed 76672K, reserved 1116160K
  class space    used 9089K, capacity 9624K, committed 9856K, reserved 1048576K
}

